# JRE version: OpenJDK Runtime Environment (11.0+28) (build 11+28)
# Java VM: OpenJDK 64-Bit Server VM (11+28, mixed mode, tiered, compressed oops, g1 gc, windows-amd64)
Heap:
 garbage-first heap   total 131072K, used 44260K [0x0000000080000000, 0x0000000100000000)
  region size 1024K, 41 young (41984K), 5 survivors (5120K)
 Metaspace       used 30631K, capacity 31364K, committed 31664K, reserved 1079296K
  class space    used 3432K, capacity 3724K, committed 3840K, reserved 1048576K
GC Heap History (10 events):
Event: 0.691 GC heap before
{Heap before GC invocations=0 (full 0):
 garbage-first heap   total 131072K, used 13312K [0x0000000080000000, 0x0000000100000000)
  region size 1024K, 14 young (14336K), 0 survivors (0K)
 Metaspace       used 9162K, capacity 9290K, committed 9600K, reserved 1058816K
  class space    used 807K, capacity 839K, committed 896K, reserved 1048576K
}
Event: 0.716 GC heap after
{Heap after GC invocations=1 (full 0):
 garbage-first heap   total 131072K, used 4089K [0x0000000080000000, 0x0000000100000000)
  region size 1024K, 2 young (2048K), 2 survivors (2048K)
 Metaspace       used 9162K, capacity 9290K, committed 9600K, reserved 1058816K
  class space    used 807K, capacity 839K, committed 896K, reserved 1048576K
}
Event: 0.939 GC heap before
{Heap before GC invocations=1 (full 0):
 garbage-first heap   total 131072K, used 14329K [0x0000000080000000, 0x0000000100000000)
  region size 1024K, 12 young (12288K), 2 survivors (2048K)
 Metaspace       used 11018K, capacity 11277K, committed 11392K, reserved 1058816K
  class space    used 1032K, capacity 1099K, committed 1152K, reserved 1048576K
}
Event: 0.941 GC heap after
{Heap after GC invocations=2 (full 0):
 garbage-first heap   total 131072K, used 4468K [0x0000000080000000, 0x0000000100000000)
  region size 1024K, 1 young (1024K), 1 survivors (1024K)
 Metaspace       used 11018K, capacity 11277K, committed 11392K, reserved 1058816K
  class space    used 1032K, capacity 1099K, committed 1152K, reserved 1048576K
}
Event: 1.650 GC heap before
{Heap before GC invocations=2 (full 0):
 garbage-first heap   total 131072K, used 35188K [0x0000000080000000, 0x0000000100000000)
  region size 1024K, 32 young (32768K), 1 survivors (1024K)
 Metaspace       used 17762K, capacity 18264K, committed 18560K, reserved 1064960K
  class space    used 1901K, capacity 2079K, committed 2176K, reserved 1048576K
}
Event: 2.027 GC heap after
{Heap after GC invocations=3 (full 0):
 garbage-first heap   total 131072K, used 5988K [0x0000000080000000, 0x0000000100000000)
  region size 1024K, 2 young (2048K), 2 survivors (2048K)
 Metaspace       used 17762K, capacity 18264K, committed 18560K, reserved 1064960K
  class space    used 1901K, capacity 2079K, committed 2176K, reserved 1048576K
}
Event: 2.291 GC heap before
{Heap before GC invocations=3 (full 0):
 garbage-first heap   total 131072K, used 22372K [0x0000000080000000, 0x0000000100000000)
  region size 1024K, 20 young (20480K), 2 survivors (2048K)
 Metaspace       used 20662K, capacity 21206K, committed 21296K, reserved 1069056K
  class space    used 2194K, capacity 2398K, committed 2432K, reserved 1048576K
}
Event: 2.295 GC heap after
{Heap after GC invocations=4 (full 0):
 garbage-first heap   total 131072K, used 6553K [0x0000000080000000, 0x0000000100000000)
  region size 1024K, 3 young (3072K), 3 survivors (3072K)
 Metaspace       used 20662K, capacity 21206K, committed 21296K, reserved 1069056K
  class space    used 2194K, capacity 2398K, committed 2432K, reserved 1048576K
}
Event: 3.393 GC heap before
{Heap before GC invocations=5 (full 0):
 garbage-first heap   total 131072K, used 52633K [0x0000000080000000, 0x0000000100000000)
  region size 1024K, 49 young (50176K), 3 survivors (3072K)
 Metaspace       used 25890K, capacity 26572K, committed 26928K, reserved 1073152K
  class space    used 2848K, capacity 3098K, committed 3200K, reserved 1048576K
}
Event: 3.400 GC heap after
{Heap after GC invocations=6 (full 0):
 garbage-first heap   total 131072K, used 8420K [0x0000000080000000, 0x0000000100000000)
  region size 1024K, 5 young (5120K), 5 survivors (5120K)
 Metaspace       used 25890K, capacity 26572K, committed 26928K, reserved 1073152K
  class space    used 2848K, capacity 3098K, committed 3200K, reserved 1048576K
}

