# JRE version: OpenJDK Runtime Environment (11.0+28) (build 11+28)
# Java VM: OpenJDK 64-Bit Server VM (11+28, mixed mode, tiered, compressed oops, g1 gc, windows-amd64)
Heap:
 garbage-first heap   total 262144K, used 137705K [0x00000000e0000000, 0x0000000100000000)
  region size 1024K, 103 young (105472K), 8 survivors (8192K)
 Metaspace       used 45531K, capacity 46810K, committed 47056K, reserved 425984K
  class space    used 5906K, capacity 6406K, committed 6528K, reserved 385024K
GC Heap History (10 events):
Event: 0.727 GC heap before
{Heap before GC invocations=0 (full 0):
 garbage-first heap   total 262144K, used 14336K [0x00000000e0000000, 0x0000000100000000)
  region size 1024K, 14 young (14336K), 0 survivors (0K)
 Metaspace       used 7173K, capacity 7322K, committed 7424K, reserved 393216K
  class space    used 637K, capacity 695K, committed 768K, reserved 385024K
}
Event: 0.730 GC heap after
{Heap after GC invocations=1 (full 0):
 garbage-first heap   total 262144K, used 3798K [0x00000000e0000000, 0x0000000100000000)
  region size 1024K, 2 young (2048K), 2 survivors (2048K)
 Metaspace       used 7173K, capacity 7322K, committed 7424K, reserved 393216K
  class space    used 637K, capacity 695K, committed 768K, reserved 385024K
}
Event: 4.122 GC heap before
{Heap before GC invocations=1 (full 0):
 garbage-first heap   total 262144K, used 115414K [0x00000000e0000000, 0x0000000100000000)
  region size 1024K, 107 young (109568K), 2 survivors (2048K)
 Metaspace       used 20778K, capacity 21228K, committed 21296K, reserved 405504K
  class space    used 2491K, capacity 2671K, committed 2688K, reserved 385024K
}
Event: 4.140 GC heap after
{Heap after GC invocations=2 (full 0):
 garbage-first heap   total 262144K, used 18309K [0x00000000e0000000, 0x0000000100000000)
  region size 1024K, 13 young (13312K), 13 survivors (13312K)
 Metaspace       used 20778K, capacity 21228K, committed 21296K, reserved 405504K
  class space    used 2491K, capacity 2671K, committed 2688K, reserved 385024K
}
Event: 4.817 GC heap before
{Heap before GC invocations=3 (full 0):
 garbage-first heap   total 262144K, used 56197K [0x00000000e0000000, 0x0000000100000000)
  region size 1024K, 50 young (51200K), 13 survivors (13312K)
 Metaspace       used 24004K, capacity 24730K, committed 25008K, reserved 407552K
  class space    used 3034K, capacity 3266K, committed 3328K, reserved 385024K
}
Event: 4.826 GC heap after
{Heap after GC invocations=4 (full 0):
 garbage-first heap   total 262144K, used 19739K [0x00000000e0000000, 0x0000000100000000)
  region size 1024K, 2 young (2048K), 2 survivors (2048K)
 Metaspace       used 24004K, capacity 24730K, committed 25008K, reserved 407552K
  class space    used 3034K, capacity 3266K, committed 3328K, reserved 385024K
}
Event: 7.762 GC heap before
{Heap before GC invocations=4 (full 0):
 garbage-first heap   total 262144K, used 132379K [0x00000000e0000000, 0x0000000100000000)
  region size 1024K, 102 young (104448K), 2 survivors (2048K)
 Metaspace       used 32041K, capacity 32993K, committed 33072K, reserved 413696K
  class space    used 4316K, capacity 4661K, committed 4736K, reserved 385024K
}
Event: 7.768 GC heap after
{Heap after GC invocations=5 (full 0):
 garbage-first heap   total 262144K, used 36231K [0x00000000e0000000, 0x0000000100000000)
  region size 1024K, 7 young (7168K), 7 survivors (7168K)
 Metaspace       used 32041K, capacity 32993K, committed 33072K, reserved 413696K
  class space    used 4316K, capacity 4661K, committed 4736K, reserved 385024K
}
Event: 8.392 GC heap before
{Heap before GC invocations=5 (full 0):
 garbage-first heap   total 262144K, used 64903K [0x00000000e0000000, 0x0000000100000000)
  region size 1024K, 36 young (36864K), 7 survivors (7168K)
 Metaspace       used 34778K, capacity 35837K, committed 35920K, reserved 417792K
  class space    used 4722K, capacity 5118K, committed 5120K, reserved 385024K
}
Event: 8.401 GC heap after
{Heap after GC invocations=6 (full 0):
 garbage-first heap   total 262144K, used 37353K [0x00000000e0000000, 0x0000000100000000)
  region size 1024K, 8 young (8192K), 8 survivors (8192K)
 Metaspace       used 34778K, capacity 35837K, committed 35920K, reserved 417792K
  class space    used 4722K, capacity 5118K, committed 5120K, reserved 385024K
}

